[2026-02-19T08:52:13.224+0000] {processor.py:161} INFO - Started process (PID=200) to work on /opt/airflow/dags/mri_data_daily_dag_/main.py
[2026-02-19T08:52:13.224+0000] {processor.py:830} INFO - Processing file /opt/airflow/dags/mri_data_daily_dag_/main.py for tasks to queue
[2026-02-19T08:52:13.226+0000] {logging_mixin.py:188} INFO - [2026-02-19T08:52:13.226+0000] {dagbag.py:545} INFO - Filling up the DagBag from /opt/airflow/dags/mri_data_daily_dag_/main.py
[2026-02-19T08:52:13.243+0000] {processor.py:840} INFO - DAG(s) 'mri_daily_report' retrieved from /opt/airflow/dags/mri_data_daily_dag_/main.py
[2026-02-19T08:52:13.370+0000] {logging_mixin.py:188} INFO - [2026-02-19T08:52:13.369+0000] {dag.py:3089} INFO - Sync 1 DAGs
[2026-02-19T08:52:13.387+0000] {logging_mixin.py:188} INFO - [2026-02-19T08:52:13.387+0000] {dag.py:3947} INFO - Setting next_dagrun for mri_daily_report to 2026-02-18 16:45:00+00:00, run_after=2026-02-19 16:45:00+00:00
[2026-02-19T08:52:21.363+0000] {processor.py:183} INFO - Processing /opt/airflow/dags/mri_data_daily_dag_/main.py took 8.144 seconds
[2026-02-19T08:52:52.247+0000] {processor.py:161} INFO - Started process (PID=2332) to work on /opt/airflow/dags/mri_data_daily_dag_/main.py
[2026-02-19T08:52:52.247+0000] {processor.py:830} INFO - Processing file /opt/airflow/dags/mri_data_daily_dag_/main.py for tasks to queue
[2026-02-19T08:52:52.249+0000] {logging_mixin.py:188} INFO - [2026-02-19T08:52:52.249+0000] {dagbag.py:545} INFO - Filling up the DagBag from /opt/airflow/dags/mri_data_daily_dag_/main.py
[2026-02-19T08:52:52.261+0000] {processor.py:840} INFO - DAG(s) 'mri_daily_report' retrieved from /opt/airflow/dags/mri_data_daily_dag_/main.py
[2026-02-19T08:52:52.276+0000] {logging_mixin.py:188} INFO - [2026-02-19T08:52:52.276+0000] {dag.py:3089} INFO - Sync 1 DAGs
[2026-02-19T08:52:52.292+0000] {logging_mixin.py:188} INFO - [2026-02-19T08:52:52.292+0000] {dag.py:3947} INFO - Setting next_dagrun for mri_daily_report to 2026-02-18 16:45:00+00:00, run_after=2026-02-19 16:45:00+00:00
[2026-02-19T08:52:52.308+0000] {processor.py:183} INFO - Processing /opt/airflow/dags/mri_data_daily_dag_/main.py took 0.066 seconds
[2026-02-19T08:53:23.367+0000] {processor.py:161} INFO - Started process (PID=4034) to work on /opt/airflow/dags/mri_data_daily_dag_/main.py
[2026-02-19T08:53:23.368+0000] {processor.py:830} INFO - Processing file /opt/airflow/dags/mri_data_daily_dag_/main.py for tasks to queue
[2026-02-19T08:53:23.369+0000] {logging_mixin.py:188} INFO - [2026-02-19T08:53:23.369+0000] {dagbag.py:545} INFO - Filling up the DagBag from /opt/airflow/dags/mri_data_daily_dag_/main.py
[2026-02-19T08:53:23.382+0000] {processor.py:840} INFO - DAG(s) 'mri_daily_report' retrieved from /opt/airflow/dags/mri_data_daily_dag_/main.py
[2026-02-19T08:53:23.397+0000] {logging_mixin.py:188} INFO - [2026-02-19T08:53:23.397+0000] {dag.py:3089} INFO - Sync 1 DAGs
[2026-02-19T08:53:23.414+0000] {logging_mixin.py:188} INFO - [2026-02-19T08:53:23.414+0000] {dag.py:3947} INFO - Setting next_dagrun for mri_daily_report to 2026-02-18 16:45:00+00:00, run_after=2026-02-19 16:45:00+00:00
[2026-02-19T08:53:23.432+0000] {processor.py:183} INFO - Processing /opt/airflow/dags/mri_data_daily_dag_/main.py took 0.069 seconds
[2026-02-19T08:53:54.496+0000] {processor.py:161} INFO - Started process (PID=5741) to work on /opt/airflow/dags/mri_data_daily_dag_/main.py
[2026-02-19T08:53:54.496+0000] {processor.py:830} INFO - Processing file /opt/airflow/dags/mri_data_daily_dag_/main.py for tasks to queue
[2026-02-19T08:53:54.498+0000] {logging_mixin.py:188} INFO - [2026-02-19T08:53:54.498+0000] {dagbag.py:545} INFO - Filling up the DagBag from /opt/airflow/dags/mri_data_daily_dag_/main.py
[2026-02-19T08:53:54.513+0000] {processor.py:840} INFO - DAG(s) 'mri_daily_report' retrieved from /opt/airflow/dags/mri_data_daily_dag_/main.py
[2026-02-19T08:53:54.529+0000] {logging_mixin.py:188} INFO - [2026-02-19T08:53:54.528+0000] {dag.py:3089} INFO - Sync 1 DAGs
[2026-02-19T08:53:54.546+0000] {logging_mixin.py:188} INFO - [2026-02-19T08:53:54.545+0000] {dag.py:3947} INFO - Setting next_dagrun for mri_daily_report to 2026-02-18 16:45:00+00:00, run_after=2026-02-19 16:45:00+00:00
[2026-02-19T08:53:54.565+0000] {processor.py:183} INFO - Processing /opt/airflow/dags/mri_data_daily_dag_/main.py took 0.074 seconds
[2026-02-19T08:54:25.332+0000] {processor.py:161} INFO - Started process (PID=7436) to work on /opt/airflow/dags/mri_data_daily_dag_/main.py
[2026-02-19T08:54:25.333+0000] {processor.py:830} INFO - Processing file /opt/airflow/dags/mri_data_daily_dag_/main.py for tasks to queue
[2026-02-19T08:54:25.334+0000] {logging_mixin.py:188} INFO - [2026-02-19T08:54:25.334+0000] {dagbag.py:545} INFO - Filling up the DagBag from /opt/airflow/dags/mri_data_daily_dag_/main.py
[2026-02-19T08:54:25.347+0000] {processor.py:840} INFO - DAG(s) 'mri_daily_report' retrieved from /opt/airflow/dags/mri_data_daily_dag_/main.py
[2026-02-19T08:54:25.361+0000] {logging_mixin.py:188} INFO - [2026-02-19T08:54:25.360+0000] {dag.py:3089} INFO - Sync 1 DAGs
[2026-02-19T08:54:25.377+0000] {logging_mixin.py:188} INFO - [2026-02-19T08:54:25.377+0000] {dag.py:3947} INFO - Setting next_dagrun for mri_daily_report to 2026-02-18 16:45:00+00:00, run_after=2026-02-19 16:45:00+00:00
[2026-02-19T08:54:25.397+0000] {processor.py:183} INFO - Processing /opt/airflow/dags/mri_data_daily_dag_/main.py took 0.070 seconds
[2026-02-19T08:54:56.376+0000] {processor.py:161} INFO - Started process (PID=9139) to work on /opt/airflow/dags/mri_data_daily_dag_/main.py
[2026-02-19T08:54:56.377+0000] {processor.py:830} INFO - Processing file /opt/airflow/dags/mri_data_daily_dag_/main.py for tasks to queue
[2026-02-19T08:54:56.379+0000] {logging_mixin.py:188} INFO - [2026-02-19T08:54:56.378+0000] {dagbag.py:545} INFO - Filling up the DagBag from /opt/airflow/dags/mri_data_daily_dag_/main.py
[2026-02-19T08:54:56.391+0000] {processor.py:840} INFO - DAG(s) 'mri_daily_report' retrieved from /opt/airflow/dags/mri_data_daily_dag_/main.py
[2026-02-19T08:54:56.405+0000] {logging_mixin.py:188} INFO - [2026-02-19T08:54:56.405+0000] {dag.py:3089} INFO - Sync 1 DAGs
[2026-02-19T08:54:56.421+0000] {logging_mixin.py:188} INFO - [2026-02-19T08:54:56.421+0000] {dag.py:3947} INFO - Setting next_dagrun for mri_daily_report to 2026-02-18 16:45:00+00:00, run_after=2026-02-19 16:45:00+00:00
[2026-02-19T08:54:56.442+0000] {processor.py:183} INFO - Processing /opt/airflow/dags/mri_data_daily_dag_/main.py took 0.070 seconds
[2026-02-19T08:55:27.298+0000] {processor.py:161} INFO - Started process (PID=10834) to work on /opt/airflow/dags/mri_data_daily_dag_/main.py
[2026-02-19T08:55:27.299+0000] {processor.py:830} INFO - Processing file /opt/airflow/dags/mri_data_daily_dag_/main.py for tasks to queue
[2026-02-19T08:55:27.300+0000] {logging_mixin.py:188} INFO - [2026-02-19T08:55:27.300+0000] {dagbag.py:545} INFO - Filling up the DagBag from /opt/airflow/dags/mri_data_daily_dag_/main.py
[2026-02-19T08:55:27.313+0000] {processor.py:840} INFO - DAG(s) 'mri_daily_report' retrieved from /opt/airflow/dags/mri_data_daily_dag_/main.py
[2026-02-19T08:55:27.328+0000] {logging_mixin.py:188} INFO - [2026-02-19T08:55:27.328+0000] {dag.py:3089} INFO - Sync 1 DAGs
[2026-02-19T08:55:27.345+0000] {logging_mixin.py:188} INFO - [2026-02-19T08:55:27.344+0000] {dag.py:3947} INFO - Setting next_dagrun for mri_daily_report to 2026-02-18 16:45:00+00:00, run_after=2026-02-19 16:45:00+00:00
[2026-02-19T08:55:27.361+0000] {processor.py:183} INFO - Processing /opt/airflow/dags/mri_data_daily_dag_/main.py took 0.068 seconds
[2026-02-19T08:55:58.583+0000] {processor.py:161} INFO - Started process (PID=12541) to work on /opt/airflow/dags/mri_data_daily_dag_/main.py
[2026-02-19T08:55:58.584+0000] {processor.py:830} INFO - Processing file /opt/airflow/dags/mri_data_daily_dag_/main.py for tasks to queue
[2026-02-19T08:55:58.586+0000] {logging_mixin.py:188} INFO - [2026-02-19T08:55:58.585+0000] {dagbag.py:545} INFO - Filling up the DagBag from /opt/airflow/dags/mri_data_daily_dag_/main.py
[2026-02-19T08:55:58.598+0000] {processor.py:840} INFO - DAG(s) 'mri_daily_report' retrieved from /opt/airflow/dags/mri_data_daily_dag_/main.py
[2026-02-19T08:55:58.613+0000] {logging_mixin.py:188} INFO - [2026-02-19T08:55:58.613+0000] {dag.py:3089} INFO - Sync 1 DAGs
[2026-02-19T08:55:58.630+0000] {logging_mixin.py:188} INFO - [2026-02-19T08:55:58.629+0000] {dag.py:3947} INFO - Setting next_dagrun for mri_daily_report to 2026-02-18 16:45:00+00:00, run_after=2026-02-19 16:45:00+00:00
[2026-02-19T08:55:58.645+0000] {processor.py:183} INFO - Processing /opt/airflow/dags/mri_data_daily_dag_/main.py took 0.066 seconds
[2026-02-19T12:34:52.363+0000] {processor.py:161} INFO - Started process (PID=196) to work on /opt/airflow/dags/mri_data_daily_dag_/main.py
[2026-02-19T12:34:52.365+0000] {processor.py:830} INFO - Processing file /opt/airflow/dags/mri_data_daily_dag_/main.py for tasks to queue
[2026-02-19T12:34:52.367+0000] {logging_mixin.py:188} INFO - [2026-02-19T12:34:52.367+0000] {dagbag.py:545} INFO - Filling up the DagBag from /opt/airflow/dags/mri_data_daily_dag_/main.py
[2026-02-19T12:34:52.391+0000] {processor.py:840} INFO - DAG(s) 'mri_daily_report' retrieved from /opt/airflow/dags/mri_data_daily_dag_/main.py
[2026-02-19T12:34:52.430+0000] {logging_mixin.py:188} INFO - [2026-02-19T12:34:52.430+0000] {dag.py:3089} INFO - Sync 1 DAGs
[2026-02-19T12:34:52.450+0000] {logging_mixin.py:188} INFO - [2026-02-19T12:34:52.450+0000] {dag.py:3947} INFO - Setting next_dagrun for mri_daily_report to 2026-02-18 16:45:00+00:00, run_after=2026-02-19 16:45:00+00:00
[2026-02-19T12:34:52.469+0000] {processor.py:183} INFO - Processing /opt/airflow/dags/mri_data_daily_dag_/main.py took 0.110 seconds
[2026-02-19T12:35:23.820+0000] {processor.py:161} INFO - Started process (PID=1903) to work on /opt/airflow/dags/mri_data_daily_dag_/main.py
[2026-02-19T12:35:23.821+0000] {processor.py:830} INFO - Processing file /opt/airflow/dags/mri_data_daily_dag_/main.py for tasks to queue
[2026-02-19T12:35:23.822+0000] {logging_mixin.py:188} INFO - [2026-02-19T12:35:23.822+0000] {dagbag.py:545} INFO - Filling up the DagBag from /opt/airflow/dags/mri_data_daily_dag_/main.py
[2026-02-19T12:35:23.837+0000] {processor.py:840} INFO - DAG(s) 'mri_daily_report' retrieved from /opt/airflow/dags/mri_data_daily_dag_/main.py
[2026-02-19T12:35:23.847+0000] {logging_mixin.py:188} INFO - [2026-02-19T12:35:23.846+0000] {dag.py:3089} INFO - Sync 1 DAGs
[2026-02-19T12:35:23.864+0000] {logging_mixin.py:188} INFO - [2026-02-19T12:35:23.864+0000] {dag.py:3947} INFO - Setting next_dagrun for mri_daily_report to 2026-02-18 16:45:00+00:00, run_after=2026-02-19 16:45:00+00:00
[2026-02-19T12:35:23.882+0000] {processor.py:183} INFO - Processing /opt/airflow/dags/mri_data_daily_dag_/main.py took 0.067 seconds
[2026-02-19T12:35:54.929+0000] {processor.py:161} INFO - Started process (PID=3603) to work on /opt/airflow/dags/mri_data_daily_dag_/main.py
[2026-02-19T12:35:54.930+0000] {processor.py:830} INFO - Processing file /opt/airflow/dags/mri_data_daily_dag_/main.py for tasks to queue
[2026-02-19T12:35:54.931+0000] {logging_mixin.py:188} INFO - [2026-02-19T12:35:54.931+0000] {dagbag.py:545} INFO - Filling up the DagBag from /opt/airflow/dags/mri_data_daily_dag_/main.py
[2026-02-19T12:35:54.944+0000] {processor.py:840} INFO - DAG(s) 'mri_daily_report' retrieved from /opt/airflow/dags/mri_data_daily_dag_/main.py
[2026-02-19T12:35:55.109+0000] {logging_mixin.py:188} INFO - [2026-02-19T12:35:55.109+0000] {dag.py:3089} INFO - Sync 1 DAGs
[2026-02-19T12:35:55.122+0000] {logging_mixin.py:188} INFO - [2026-02-19T12:35:55.122+0000] {dag.py:3947} INFO - Setting next_dagrun for mri_daily_report to 2026-02-18 16:45:00+00:00, run_after=2026-02-19 16:45:00+00:00
[2026-02-19T12:35:55.143+0000] {processor.py:183} INFO - Processing /opt/airflow/dags/mri_data_daily_dag_/main.py took 0.218 seconds
[2026-02-19T12:36:26.029+0000] {processor.py:161} INFO - Started process (PID=5315) to work on /opt/airflow/dags/mri_data_daily_dag_/main.py
[2026-02-19T12:36:26.030+0000] {processor.py:830} INFO - Processing file /opt/airflow/dags/mri_data_daily_dag_/main.py for tasks to queue
[2026-02-19T12:36:26.031+0000] {logging_mixin.py:188} INFO - [2026-02-19T12:36:26.031+0000] {dagbag.py:545} INFO - Filling up the DagBag from /opt/airflow/dags/mri_data_daily_dag_/main.py
[2026-02-19T12:36:26.045+0000] {processor.py:840} INFO - DAG(s) 'mri_daily_report' retrieved from /opt/airflow/dags/mri_data_daily_dag_/main.py
[2026-02-19T12:36:26.061+0000] {logging_mixin.py:188} INFO - [2026-02-19T12:36:26.061+0000] {dag.py:3089} INFO - Sync 1 DAGs
[2026-02-19T12:36:26.078+0000] {logging_mixin.py:188} INFO - [2026-02-19T12:36:26.078+0000] {dag.py:3947} INFO - Setting next_dagrun for mri_daily_report to 2026-02-18 16:45:00+00:00, run_after=2026-02-19 16:45:00+00:00
[2026-02-19T12:36:26.094+0000] {processor.py:183} INFO - Processing /opt/airflow/dags/mri_data_daily_dag_/main.py took 0.070 seconds
[2026-02-19T12:36:57.560+0000] {processor.py:161} INFO - Started process (PID=7022) to work on /opt/airflow/dags/mri_data_daily_dag_/main.py
[2026-02-19T12:36:57.561+0000] {processor.py:830} INFO - Processing file /opt/airflow/dags/mri_data_daily_dag_/main.py for tasks to queue
[2026-02-19T12:36:57.563+0000] {logging_mixin.py:188} INFO - [2026-02-19T12:36:57.562+0000] {dagbag.py:545} INFO - Filling up the DagBag from /opt/airflow/dags/mri_data_daily_dag_/main.py
[2026-02-19T12:36:57.576+0000] {processor.py:840} INFO - DAG(s) 'mri_daily_report' retrieved from /opt/airflow/dags/mri_data_daily_dag_/main.py
[2026-02-19T12:36:57.592+0000] {logging_mixin.py:188} INFO - [2026-02-19T12:36:57.592+0000] {dag.py:3089} INFO - Sync 1 DAGs
[2026-02-19T12:36:57.608+0000] {logging_mixin.py:188} INFO - [2026-02-19T12:36:57.608+0000] {dag.py:3947} INFO - Setting next_dagrun for mri_daily_report to 2026-02-18 16:45:00+00:00, run_after=2026-02-19 16:45:00+00:00
[2026-02-19T12:36:57.631+0000] {processor.py:183} INFO - Processing /opt/airflow/dags/mri_data_daily_dag_/main.py took 0.076 seconds
[2026-02-19T12:37:28.613+0000] {processor.py:161} INFO - Started process (PID=8722) to work on /opt/airflow/dags/mri_data_daily_dag_/main.py
[2026-02-19T12:37:28.613+0000] {processor.py:830} INFO - Processing file /opt/airflow/dags/mri_data_daily_dag_/main.py for tasks to queue
[2026-02-19T12:37:28.615+0000] {logging_mixin.py:188} INFO - [2026-02-19T12:37:28.615+0000] {dagbag.py:545} INFO - Filling up the DagBag from /opt/airflow/dags/mri_data_daily_dag_/main.py
[2026-02-19T12:37:28.628+0000] {processor.py:840} INFO - DAG(s) 'mri_daily_report' retrieved from /opt/airflow/dags/mri_data_daily_dag_/main.py
[2026-02-19T12:37:28.643+0000] {logging_mixin.py:188} INFO - [2026-02-19T12:37:28.643+0000] {dag.py:3089} INFO - Sync 1 DAGs
[2026-02-19T12:37:28.659+0000] {logging_mixin.py:188} INFO - [2026-02-19T12:37:28.659+0000] {dag.py:3947} INFO - Setting next_dagrun for mri_daily_report to 2026-02-18 16:45:00+00:00, run_after=2026-02-19 16:45:00+00:00
[2026-02-19T12:37:28.677+0000] {processor.py:183} INFO - Processing /opt/airflow/dags/mri_data_daily_dag_/main.py took 0.069 seconds
[2026-02-19T12:37:59.335+0000] {processor.py:161} INFO - Started process (PID=10429) to work on /opt/airflow/dags/mri_data_daily_dag_/main.py
[2026-02-19T12:37:59.336+0000] {processor.py:830} INFO - Processing file /opt/airflow/dags/mri_data_daily_dag_/main.py for tasks to queue
[2026-02-19T12:37:59.339+0000] {logging_mixin.py:188} INFO - [2026-02-19T12:37:59.338+0000] {dagbag.py:545} INFO - Filling up the DagBag from /opt/airflow/dags/mri_data_daily_dag_/main.py
[2026-02-19T12:37:59.358+0000] {processor.py:840} INFO - DAG(s) 'mri_daily_report' retrieved from /opt/airflow/dags/mri_data_daily_dag_/main.py
[2026-02-19T12:37:59.387+0000] {logging_mixin.py:188} INFO - [2026-02-19T12:37:59.386+0000] {dag.py:3089} INFO - Sync 1 DAGs
[2026-02-19T12:37:59.414+0000] {logging_mixin.py:188} INFO - [2026-02-19T12:37:59.412+0000] {dag.py:3947} INFO - Setting next_dagrun for mri_daily_report to 2026-02-18 16:45:00+00:00, run_after=2026-02-19 16:45:00+00:00
[2026-02-19T12:37:59.439+0000] {processor.py:183} INFO - Processing /opt/airflow/dags/mri_data_daily_dag_/main.py took 0.114 seconds
[2026-02-19T12:38:30.303+0000] {processor.py:161} INFO - Started process (PID=12129) to work on /opt/airflow/dags/mri_data_daily_dag_/main.py
[2026-02-19T12:38:30.304+0000] {processor.py:830} INFO - Processing file /opt/airflow/dags/mri_data_daily_dag_/main.py for tasks to queue
[2026-02-19T12:38:30.305+0000] {logging_mixin.py:188} INFO - [2026-02-19T12:38:30.305+0000] {dagbag.py:545} INFO - Filling up the DagBag from /opt/airflow/dags/mri_data_daily_dag_/main.py
[2026-02-19T12:38:30.319+0000] {processor.py:840} INFO - DAG(s) 'mri_daily_report' retrieved from /opt/airflow/dags/mri_data_daily_dag_/main.py
[2026-02-19T12:38:30.336+0000] {logging_mixin.py:188} INFO - [2026-02-19T12:38:30.336+0000] {dag.py:3089} INFO - Sync 1 DAGs
[2026-02-19T12:38:30.355+0000] {logging_mixin.py:188} INFO - [2026-02-19T12:38:30.355+0000] {dag.py:3947} INFO - Setting next_dagrun for mri_daily_report to 2026-02-18 16:45:00+00:00, run_after=2026-02-19 16:45:00+00:00
[2026-02-19T12:38:30.377+0000] {processor.py:183} INFO - Processing /opt/airflow/dags/mri_data_daily_dag_/main.py took 0.080 seconds
[2026-02-19T12:39:01.150+0000] {processor.py:161} INFO - Started process (PID=13836) to work on /opt/airflow/dags/mri_data_daily_dag_/main.py
[2026-02-19T12:39:01.151+0000] {processor.py:830} INFO - Processing file /opt/airflow/dags/mri_data_daily_dag_/main.py for tasks to queue
[2026-02-19T12:39:01.152+0000] {logging_mixin.py:188} INFO - [2026-02-19T12:39:01.152+0000] {dagbag.py:545} INFO - Filling up the DagBag from /opt/airflow/dags/mri_data_daily_dag_/main.py
[2026-02-19T12:39:01.166+0000] {processor.py:840} INFO - DAG(s) 'mri_daily_report' retrieved from /opt/airflow/dags/mri_data_daily_dag_/main.py
[2026-02-19T12:39:01.181+0000] {logging_mixin.py:188} INFO - [2026-02-19T12:39:01.181+0000] {dag.py:3089} INFO - Sync 1 DAGs
[2026-02-19T12:39:01.198+0000] {logging_mixin.py:188} INFO - [2026-02-19T12:39:01.198+0000] {dag.py:3947} INFO - Setting next_dagrun for mri_daily_report to 2026-02-18 16:45:00+00:00, run_after=2026-02-19 16:45:00+00:00
[2026-02-19T12:39:01.217+0000] {processor.py:183} INFO - Processing /opt/airflow/dags/mri_data_daily_dag_/main.py took 0.072 seconds
