[2026-02-16T12:37:43.705+0000] {local_task_job_runner.py:120} INFO - ::group::Pre task execution logs
[2026-02-16T12:37:43.733+0000] {taskinstance.py:2076} INFO - Dependencies all met for dep_context=non-requeueable deps ti=<TaskInstance: mri_daily_report.generate_mri_report scheduled__2026-02-12T16:45:00+00:00 [queued]>
[2026-02-16T12:37:43.739+0000] {taskinstance.py:2076} INFO - Dependencies all met for dep_context=requeueable deps ti=<TaskInstance: mri_daily_report.generate_mri_report scheduled__2026-02-12T16:45:00+00:00 [queued]>
[2026-02-16T12:37:43.740+0000] {taskinstance.py:2306} INFO - Starting attempt 3 of 3
[2026-02-16T12:37:43.751+0000] {taskinstance.py:2330} INFO - Executing <Task(PythonOperator): generate_mri_report> on 2026-02-12 16:45:00+00:00
[2026-02-16T12:37:43.758+0000] {standard_task_runner.py:90} INFO - Running: ['***', 'tasks', 'run', 'mri_daily_report', 'generate_mri_report', 'scheduled__2026-02-12T16:45:00+00:00', '--job-id', '75', '--raw', '--subdir', 'DAGS_FOLDER/mri_data_daily_dag_/main.py', '--cfg-path', '/tmp/tmpslk_ile7']
[2026-02-16T12:37:43.761+0000] {standard_task_runner.py:91} INFO - Job 75: Subtask generate_mri_report
[2026-02-16T12:37:43.762+0000] {logging_mixin.py:188} WARNING - /home/***/.local/lib/python3.12/site-packages/***/task/task_runner/standard_task_runner.py:62 DeprecationWarning: This process (pid=583) is multi-threaded, use of fork() may lead to deadlocks in the child.
[2026-02-16T12:37:43.762+0000] {standard_task_runner.py:64} INFO - Started process 585 to run task
[2026-02-16T12:37:43.809+0000] {task_command.py:426} INFO - Running <TaskInstance: mri_daily_report.generate_mri_report scheduled__2026-02-12T16:45:00+00:00 [running]> on host 099661f3b442
[2026-02-16T12:37:43.882+0000] {taskinstance.py:2648} INFO - Exporting env vars: AIRFLOW_CTX_DAG_OWNER='pavel' AIRFLOW_CTX_DAG_ID='mri_daily_report' AIRFLOW_CTX_TASK_ID='generate_mri_report' AIRFLOW_CTX_EXECUTION_DATE='2026-02-12T16:45:00+00:00' AIRFLOW_CTX_TRY_NUMBER='3' AIRFLOW_CTX_DAG_RUN_ID='scheduled__2026-02-12T16:45:00+00:00'
[2026-02-16T12:37:43.883+0000] {taskinstance.py:430} INFO - ::endgroup::
[2026-02-16T12:37:43.894+0000] {logging_mixin.py:188} INFO - ❌ Ошибка SQL: ('01000', "[01000] [unixODBC][Driver Manager]Can't open lib 'SQL Server' : file not found (0) (SQLDriverConnect)")
[2026-02-16T12:37:43.894+0000] {taskinstance.py:441} INFO - ::group::Post task execution logs
[2026-02-16T12:37:43.895+0000] {taskinstance.py:2905} ERROR - Task failed with exception
Traceback (most recent call last):
  File "/home/airflow/.local/lib/python3.12/site-packages/airflow/models/taskinstance.py", line 465, in _execute_task
    result = _execute_callable(context=context, **execute_callable_kwargs)
             ^^^^^^^^^^^^^^^^^^^^^^^^^^^^^^^^^^^^^^^^^^^^^^^^^^^^^^^^^^^^^
  File "/home/airflow/.local/lib/python3.12/site-packages/airflow/models/taskinstance.py", line 432, in _execute_callable
    return execute_callable(context=context, **execute_callable_kwargs)
           ^^^^^^^^^^^^^^^^^^^^^^^^^^^^^^^^^^^^^^^^^^^^^^^^^^^^^^^^^^^^
  File "/home/airflow/.local/lib/python3.12/site-packages/airflow/models/baseoperator.py", line 401, in wrapper
    return func(self, *args, **kwargs)
           ^^^^^^^^^^^^^^^^^^^^^^^^^^^
  File "/home/airflow/.local/lib/python3.12/site-packages/airflow/operators/python.py", line 235, in execute
    return_value = self.execute_callable()
                   ^^^^^^^^^^^^^^^^^^^^^^^
  File "/home/airflow/.local/lib/python3.12/site-packages/airflow/operators/python.py", line 252, in execute_callable
    return self.python_callable(*self.op_args, **self.op_kwargs)
           ^^^^^^^^^^^^^^^^^^^^^^^^^^^^^^^^^^^^^^^^^^^^^^^^^^^^^
  File "/opt/airflow/dags/mri_data_daily_dag_/main.py", line 22, in generate_mri_report
    conn = pyodbc.connect(connection_string)
           ^^^^^^^^^^^^^^^^^^^^^^^^^^^^^^^^^
pyodbc.Error: ('01000', "[01000] [unixODBC][Driver Manager]Can't open lib 'SQL Server' : file not found (0) (SQLDriverConnect)")
[2026-02-16T12:37:43.905+0000] {taskinstance.py:1206} INFO - Marking task as FAILED. dag_id=mri_daily_report, task_id=generate_mri_report, run_id=scheduled__2026-02-12T16:45:00+00:00, execution_date=20260212T164500, start_date=20260216T123743, end_date=20260216T123743
[2026-02-16T12:37:43.915+0000] {standard_task_runner.py:110} ERROR - Failed to execute job 75 for task generate_mri_report (('01000', "[01000] [unixODBC][Driver Manager]Can't open lib 'SQL Server' : file not found (0) (SQLDriverConnect)"); 585)
[2026-02-16T12:37:43.936+0000] {local_task_job_runner.py:243} INFO - Task exited with return code 1
[2026-02-16T12:37:43.948+0000] {taskinstance.py:3503} INFO - 0 downstream tasks scheduled from follow-on schedule check
[2026-02-16T12:37:43.951+0000] {local_task_job_runner.py:222} INFO - ::endgroup::
